<?xml version="1.0" encoding="UTF-8"?>
<!-- Generated by org.testng.reporters.JUnitXMLReporter -->
<testsuite hostname="Dell" ignored="0" name="FBLoginAndRestAPIDemo" tests="2" failures="1" timestamp="05 Oct 2020 15:12:38 GMT" time="18.324" errors="0">
  <testcase name="loginAnProfileDetailsValidationTest" time="6.221" classname="com.demo.tests.LoginAnProfileDetailsValidationTest"/>
  <testcase name="postRestAssured" time="4.873" classname="com.demo.tests.RestAPIDemoTest">
    <failure type="java.lang.AssertionError" message="the status code is not matching expected [200] but found [429]">
      <![CDATA[java.lang.AssertionError: the status code is not matching expected [200] but found [429]
	at com.demo.tests.RestAPIDemoTest.postRestAssured(RestAPIDemoTest.java:77)
... Removed 30 stack frames]]>
    </failure>
  </testcase> <!-- postRestAssured -->
</testsuite> <!-- FBLoginAndRestAPIDemo -->
