<?xml version="1.0" encoding="UTF-8"?>
<!-- Generated by org.testng.reporters.JUnitXMLReporter -->
<testsuite hostname="Dell" ignored="0" name="FBLoginAndRestAPIDemo" tests="3" failures="0" timestamp="01 Oct 2020 20:05:34 GMT" time="19.593" errors="0">
  <testcase name="loginAnProfileDetailsValidationTest" time="6.629" classname="com.demo.tests.LoginAnProfileDetailsValidationTest"/>
  <testcase name="postRestAssured" time="3.934" classname="com.demo.tests.RestAPIDemoTest"/>
  <testcase name="restAPIDemoTest" time="0.157" classname="com.demo.tests.RestAPIDemoTest"/>
</testsuite> <!-- FBLoginAndRestAPIDemo -->
